\BOOKMARK [0][-]{chapter.1}{\376\377\000I\000n\000t\000r\000o\000d\000u\000c\000t\000i\000o\000n}{}% 1
\BOOKMARK [1][-]{section.1.1}{\376\377\000C\000o\000n\000t\000e\000x\000t\000e\000\040\000d\000u\000\040\000P\000r\000o\000j\000e\000t}{chapter.1}% 2
\BOOKMARK [1][-]{section.1.2}{\376\377\000O\000b\000j\000e\000c\000t\000i\000f\000s\000\040\000e\000t\000\040\000C\000a\000h\000i\000e\000r\000\040\000d\000e\000s\000\040\000C\000h\000a\000r\000g\000e\000s}{chapter.1}% 3
\BOOKMARK [2][-]{subsection.1.2.1}{\376\377\000L\000a\000\040\000C\000o\000u\000c\000h\000e\000\040\000d\000e\000\040\000D\000o\000n\000n\000\351\000e\000s}{section.1.2}% 4
\BOOKMARK [2][-]{subsection.1.2.2}{\376\377\000F\000o\000n\000c\000t\000i\000o\000n\000n\000a\000l\000i\000t\000\351\000s\000\040\000P\000r\000i\000n\000c\000i\000p\000a\000l\000e\000s}{section.1.2}% 5
\BOOKMARK [1][-]{section.1.3}{\376\377\000A\000p\000p\000r\000o\000c\000h\000e\000\040\000P\000r\000o\000p\000o\000s\000\351\000e}{chapter.1}% 6
\BOOKMARK [0][-]{chapter.2}{\376\377\000A\000r\000c\000h\000i\000t\000e\000c\000t\000u\000r\000e\000\040\000T\000e\000c\000h\000n\000i\000q\000u\000e}{}% 7
\BOOKMARK [1][-]{section.2.1}{\376\377\000A\000r\000c\000h\000i\000t\000e\000c\000t\000u\000r\000e\000\040\000G\000l\000o\000b\000a\000l\000e}{chapter.2}% 8
\BOOKMARK [1][-]{section.2.2}{\376\377\000C\000h\000o\000i\000x\000\040\000T\000e\000c\000h\000n\000o\000l\000o\000g\000i\000q\000u\000e\000s}{chapter.2}% 9
\BOOKMARK [2][-]{subsection.2.2.1}{\376\377\000F\000r\000o\000n\000t\000e\000n\000d\000\040\000:\000\040\000R\000e\000a\000c\000t\000\040\000e\000t\000\040\000l\000'\000\311\000c\000o\000s\000y\000s\000t\000\350\000m\000e\000\040\000M\000o\000d\000e\000r\000n\000e}{section.2.2}% 10
\BOOKMARK [2][-]{subsection.2.2.2}{\376\377\000B\000a\000c\000k\000e\000n\000d\000\040\000:\000\040\000F\000a\000s\000t\000A\000P\000I\000\040\000e\000t\000\040\000P\000y\000t\000h\000o\000n}{section.2.2}% 11
\BOOKMARK [2][-]{subsection.2.2.3}{\376\377\000B\000a\000s\000e\000\040\000d\000e\000\040\000D\000o\000n\000n\000\351\000e\000s\000\040\000:\000\040\000P\000o\000s\000t\000g\000r\000e\000S\000Q\000L}{section.2.2}% 12
\BOOKMARK [1][-]{section.2.3}{\376\377\000M\000o\000d\000\351\000l\000i\000s\000a\000t\000i\000o\000n\000\040\000d\000e\000s\000\040\000D\000o\000n\000n\000\351\000e\000s}{chapter.2}% 13
\BOOKMARK [2][-]{subsection.2.3.1}{\376\377\000T\000a\000b\000l\000e\000\040\000b\000o\000o\000k\000s}{section.2.3}% 14
\BOOKMARK [2][-]{subsection.2.3.2}{\376\377\000T\000a\000b\000l\000e\000\040\000i\000n\000v\000e\000r\000t\000e\000d\000\137\000i\000n\000d\000e\000x}{section.2.3}% 15
\BOOKMARK [2][-]{subsection.2.3.3}{\376\377\000T\000a\000b\000l\000e\000\040\000j\000a\000c\000c\000a\000r\000d\000\137\000g\000r\000a\000p\000h}{section.2.3}% 16
\BOOKMARK [1][-]{section.2.4}{\376\377\000F\000l\000u\000x\000\040\000d\000e\000\040\000D\000o\000n\000n\000\351\000e\000s\000\040\000e\000t\000\040\000P\000i\000p\000e\000l\000i\000n\000e\000\040\000d\000'\000I\000n\000g\000e\000s\000t\000i\000o\000n}{chapter.2}% 17
\BOOKMARK [0][-]{chapter.3}{\376\377\000A\000l\000g\000o\000r\000i\000t\000h\000m\000e\000s\000\040\000e\000t\000\040\000S\000t\000r\000u\000c\000t\000u\000r\000e\000s\000\040\000d\000e\000\040\000D\000o\000n\000n\000\351\000e\000s}{}% 18
\BOOKMARK [1][-]{section.3.1}{\376\377\000R\000e\000c\000h\000e\000r\000c\000h\000e\000\040\000p\000a\000r\000\040\000M\000o\000t\000s\000-\000c\000l\000\351\000s\000\040\000:\000\040\000I\000n\000d\000e\000x\000a\000t\000i\000o\000n\000\040\000I\000n\000v\000e\000r\000s\000\351\000e}{chapter.3}% 19
\BOOKMARK [2][-]{subsection.3.1.1}{\376\377\000D\000\351\000f\000i\000n\000i\000t\000i\000o\000n\000\040\000d\000u\000\040\000P\000r\000o\000b\000l\000\350\000m\000e}{section.3.1}% 20
\BOOKMARK [2][-]{subsection.3.1.2}{\376\377\000S\000t\000r\000u\000c\000t\000u\000r\000e\000\040\000d\000e\000\040\000D\000o\000n\000n\000\351\000e\000s\000\040\000:\000\040\000L\000'\000I\000n\000d\000e\000x\000\040\000I\000n\000v\000e\000r\000s\000\351}{section.3.1}% 21
\BOOKMARK [2][-]{subsection.3.1.3}{\376\377\000A\000n\000a\000l\000y\000s\000e\000\040\000T\000h\000\351\000o\000r\000i\000q\000u\000e}{section.3.1}% 22
\BOOKMARK [1][-]{section.3.2}{\376\377\000R\000e\000c\000h\000e\000r\000c\000h\000e\000\040\000A\000v\000a\000n\000c\000\351\000e\000\040\000:\000\040\000E\000x\000p\000r\000e\000s\000s\000i\000o\000n\000s\000\040\000R\000\351\000g\000u\000l\000i\000\350\000r\000e\000s\000\040\000\050\000R\000e\000g\000E\000x\000\051}{chapter.3}% 23
\BOOKMARK [2][-]{subsection.3.2.1}{\376\377\000T\000h\000\351\000o\000r\000i\000e\000\040\000d\000e\000s\000\040\000A\000u\000t\000o\000m\000a\000t\000e\000s}{section.3.2}% 24
\BOOKMARK [2][-]{subsection.3.2.2}{\376\377\000S\000t\000r\000a\000t\000\351\000g\000i\000e\000\040\000d\000'\000I\000m\000p\000l\000\351\000m\000e\000n\000t\000a\000t\000i\000o\000n}{section.3.2}% 25
\BOOKMARK [1][-]{section.3.3}{\376\377\000C\000l\000a\000s\000s\000e\000m\000e\000n\000t\000\040\000e\000t\000\040\000P\000e\000r\000t\000i\000n\000e\000n\000c\000e\000\040\000\050\000R\000a\000n\000k\000i\000n\000g\000\051}{chapter.3}% 26
\BOOKMARK [2][-]{subsection.3.3.1}{\376\377\000B\000M\0002\0005\000\040\000\050\000B\000e\000s\000t\000\040\000M\000a\000t\000c\000h\000i\000n\000g\000\040\0002\0005\000\051}{section.3.3}% 27
\BOOKMARK [2][-]{subsection.3.3.2}{\376\377\000C\000e\000n\000t\000r\000a\000l\000i\000t\000\351\000\040\000d\000e\000\040\000P\000r\000o\000x\000i\000m\000i\000t\000\351\000\040\000\050\000C\000l\000o\000s\000e\000n\000e\000s\000s\000\040\000C\000e\000n\000t\000r\000a\000l\000i\000t\000y\000\051}{section.3.3}% 28
\BOOKMARK [1][-]{section.3.4}{\376\377\000S\000y\000s\000t\000\350\000m\000e\000\040\000d\000e\000\040\000S\000u\000g\000g\000e\000s\000t\000i\000o\000n\000\040\000:\000\040\000S\000i\000m\000i\000l\000a\000r\000i\000t\000\351\000\040\000d\000e\000\040\000J\000a\000c\000c\000a\000r\000d}{chapter.3}% 29
\BOOKMARK [2][-]{subsection.3.4.1}{\376\377\000I\000n\000d\000i\000c\000e\000\040\000d\000e\000\040\000J\000a\000c\000c\000a\000r\000d}{section.3.4}% 30
\BOOKMARK [2][-]{subsection.3.4.2}{\376\377\000C\000o\000n\000s\000t\000r\000u\000c\000t\000i\000o\000n\000\040\000d\000u\000\040\000G\000r\000a\000p\000h\000e}{section.3.4}% 31
\BOOKMARK [2][-]{subsection.3.4.3}{\376\377\000C\000r\000i\000t\000i\000q\000u\000e\000\040\000e\000t\000\040\000A\000m\000\351\000l\000i\000o\000r\000a\000t\000i\000o\000n\000s\000\040\000P\000o\000s\000s\000i\000b\000l\000e\000s}{section.3.4}% 32
\BOOKMARK [0][-]{chapter.4}{\376\377\000T\000e\000s\000t\000s\000\040\000d\000e\000\040\000P\000e\000r\000f\000o\000r\000m\000a\000n\000c\000e\000\040\000e\000t\000\040\000A\000n\000a\000l\000y\000s\000e}{}% 33
\BOOKMARK [1][-]{section.4.1}{\376\377\000P\000r\000o\000t\000o\000c\000o\000l\000e\000\040\000d\000e\000\040\000T\000e\000s\000t}{chapter.4}% 34
\BOOKMARK [2][-]{subsection.4.1.1}{\376\377\000E\000n\000v\000i\000r\000o\000n\000n\000e\000m\000e\000n\000t\000\040\000d\000e\000\040\000T\000e\000s\000t}{section.4.1}% 35
\BOOKMARK [2][-]{subsection.4.1.2}{\376\377\000C\000o\000n\000s\000t\000i\000t\000u\000t\000i\000o\000n\000\040\000d\000u\000\040\000T\000e\000s\000t\000b\000e\000d\000\040\000\050\000C\000o\000r\000p\000u\000s\000\051}{section.4.1}% 36
\BOOKMARK [1][-]{section.4.2}{\376\377\000R\000\351\000s\000u\000l\000t\000a\000t\000s\000\040\000e\000t\000\040\000A\000n\000a\000l\000y\000s\000e}{chapter.4}% 37
\BOOKMARK [2][-]{subsection.4.2.1}{\376\377\000P\000e\000r\000f\000o\000r\000m\000a\000n\000c\000e\000\040\000d\000e\000\040\000l\000'\000I\000n\000g\000e\000s\000t\000i\000o\000n}{section.4.2}% 38
\BOOKMARK [2][-]{subsection.4.2.2}{\376\377\000P\000e\000r\000f\000o\000r\000m\000a\000n\000c\000e\000\040\000d\000e\000\040\000l\000a\000\040\000R\000e\000c\000h\000e\000r\000c\000h\000e\000\040\000\050\000T\000e\000m\000p\000s\000\040\000d\000e\000\040\000R\000\351\000p\000o\000n\000s\000e\000\051}{section.4.2}% 39
\BOOKMARK [2][-]{subsection.4.2.3}{\376\377\000S\000c\000a\000l\000a\000b\000i\000l\000i\000t\000\351}{section.4.2}% 40
\BOOKMARK [1][-]{section.4.3}{\376\377\000D\000i\000s\000c\000u\000s\000s\000i\000o\000n}{chapter.4}% 41
\BOOKMARK [0][-]{chapter.5}{\376\377\000C\000o\000n\000c\000l\000u\000s\000i\000o\000n\000\040\000e\000t\000\040\000P\000e\000r\000s\000p\000e\000c\000t\000i\000v\000e\000s}{}% 42
\BOOKMARK [1][-]{section.5.1}{\376\377\000B\000i\000l\000a\000n\000\040\000d\000u\000\040\000P\000r\000o\000j\000e\000t}{chapter.5}% 43
\BOOKMARK [1][-]{section.5.2}{\376\377\000P\000e\000r\000s\000p\000e\000c\000t\000i\000v\000e\000s\000\040\000d\000'\000A\000m\000\351\000l\000i\000o\000r\000a\000t\000i\000o\000n}{chapter.5}% 44
\BOOKMARK [2][-]{subsection.5.2.1}{\376\377\000A\000m\000\351\000l\000i\000o\000r\000a\000t\000i\000o\000n\000\040\000S\000\351\000m\000a\000n\000t\000i\000q\000u\000e}{section.5.2}% 45
\BOOKMARK [2][-]{subsection.5.2.2}{\376\377\000S\000c\000a\000l\000a\000b\000i\000l\000i\000t\000\351\000\040\000H\000o\000r\000i\000z\000o\000n\000t\000a\000l\000e}{section.5.2}% 46
\BOOKMARK [2][-]{subsection.5.2.3}{\376\377\000A\000l\000g\000o\000r\000i\000t\000h\000m\000e\000s\000\040\000d\000e\000\040\000G\000r\000a\000p\000h\000e\000\040\000A\000p\000p\000r\000o\000c\000h\000\351\000s}{section.5.2}% 47
